{
  "RSpec": {
    "coverage": {
      "/Users/marianaandrade/turing/mod2/projects/adopt_dont_shop_2003/config/environment.rb": [
        null,
        1,
        null,
        null,
        1
      ],
      "/Users/marianaandrade/turing/mod2/projects/adopt_dont_shop_2003/config/application.rb": [
        1,
        null,
        1,
        null,
        1,
        1,
        1,
        1,
        1,
        1,
        1,
        1,
        null,
        null,
        null,
        null,
        1,
        null,
        1,
        1,
        null,
        1,
        null,
        null,
        null,
        null,
        null,
        null,
        1,
        null,
        null
      ],
      "/Users/marianaandrade/turing/mod2/projects/adopt_dont_shop_2003/config/boot.rb": [
        1,
        null,
        1
      ],
      "/Users/marianaandrade/turing/mod2/projects/adopt_dont_shop_2003/config/environments/test.rb": [
        1,
        null,
        null,
        null,
        null,
        null,
        null,
        1,
        null,
        null,
        null,
        null,
        1,
        null,
        null,
        1,
        1,
        null,
        null,
        null,
        null,
        1,
        1,
        null,
        null,
        1,
        null,
        null,
        1,
        1,
        null,
        null,
        null,
        null,
        1,
        null,
        null,
        1,
        null,
        null,
        null,
        null
      ],
      "/Users/marianaandrade/turing/mod2/projects/adopt_dont_shop_2003/config/initializers/application_controller_renderer.rb": [
        null,
        null,
        null,
        null,
        null,
        null,
        null,
        null
      ],
      "/Users/marianaandrade/turing/mod2/projects/adopt_dont_shop_2003/config/initializers/assets.rb": [
        null,
        null,
        null,
        1,
        null,
        null,
        null,
        null,
        1,
        null,
        null,
        null,
        null,
        null
      ],
      "/Users/marianaandrade/turing/mod2/projects/adopt_dont_shop_2003/config/initializers/backtrace_silencers.rb": [
        null,
        null,
        null,
        null,
        null,
        null,
        null
      ],
      "/Users/marianaandrade/turing/mod2/projects/adopt_dont_shop_2003/config/initializers/cookies_serializer.rb": [
        null,
        null,
        null,
        null,
        1
      ],
      "/Users/marianaandrade/turing/mod2/projects/adopt_dont_shop_2003/config/initializers/filter_parameter_logging.rb": [
        null,
        null,
        null,
        1
      ],
      "/Users/marianaandrade/turing/mod2/projects/adopt_dont_shop_2003/config/initializers/inflections.rb": [
        null,
        null,
        null,
        null,
        null,
        null,
        null,
        null,
        null,
        null,
        null,
        null,
        null,
        null,
        null,
        null
      ],
      "/Users/marianaandrade/turing/mod2/projects/adopt_dont_shop_2003/config/initializers/mime_types.rb": [
        null,
        null,
        null,
        null
      ],
      "/Users/marianaandrade/turing/mod2/projects/adopt_dont_shop_2003/config/initializers/wrap_parameters.rb": [
        null,
        null,
        null,
        null,
        null,
        null,
        1,
        2,
        null,
        null,
        null,
        null,
        null,
        null
      ],
      "/Users/marianaandrade/turing/mod2/projects/adopt_dont_shop_2003/config/routes.rb": [
        1,
        null,
        1,
        1,
        1,
        1,
        1,
        1,
        1,
        null,
        1,
        null,
        1,
        null,
        null
      ],
      "/Users/marianaandrade/turing/mod2/projects/adopt_dont_shop_2003/app/helpers/application_helper.rb": [
        1,
        null
      ],
      "/Users/marianaandrade/turing/mod2/projects/adopt_dont_shop_2003/spec/features/shelter_pets/index_spec.rb": [
        1,
        null,
        1,
        1,
        1,
        1,
        1,
        1,
        null,
        1,
        null,
        1,
        null,
        1,
        null,
        1,
        null,
        null,
        1,
        null,
        1,
        1,
        1,
        1,
        1,
        1,
        1,
        1,
        null,
        null,
        1,
        null,
        1,
        1,
        1,
        1,
        null,
        1,
        null,
        1,
        1,
        1,
        1,
        null,
        null,
        null,
        null,
        null,
        null,
        null,
        null,
        null,
        null,
        null,
        null,
        null,
        null
      ],
      "/Users/marianaandrade/turing/mod2/projects/adopt_dont_shop_2003/spec/features/shelters/delete_spec.rb": [
        1,
        null,
        1,
        1,
        1,
        1,
        1,
        1,
        null,
        1,
        null,
        1,
        null,
        1,
        1,
        1,
        1,
        null,
        null,
        null,
        null,
        null,
        null,
        null,
        null,
        null,
        null,
        null,
        null,
        null,
        null,
        null
      ],
      "/Users/marianaandrade/turing/mod2/projects/adopt_dont_shop_2003/spec/features/shelters/edit_spec.rb": [
        1,
        null,
        1,
        1,
        1,
        1,
        1,
        1,
        null,
        1,
        null,
        1,
        null,
        1,
        1,
        1,
        1,
        1,
        null,
        1,
        null,
        1,
        1,
        1,
        1,
        1,
        1,
        null,
        null,
        null
      ],
      "/Users/marianaandrade/turing/mod2/projects/adopt_dont_shop_2003/spec/features/shelters/index_spec.rb": [
        1,
        null,
        1,
        1,
        1,
        1,
        1,
        1,
        null,
        1,
        null,
        1,
        1,
        1,
        null,
        null,
        null
      ],
      "/Users/marianaandrade/turing/mod2/projects/adopt_dont_shop_2003/spec/features/shelters/new_spec.rb": [
        1,
        null,
        1,
        1,
        1,
        1,
        1,
        1,
        null,
        1,
        null,
        1,
        null,
        1,
        null,
        1,
        null,
        1,
        1,
        1,
        1,
        1,
        null,
        1,
        null,
        1,
        1,
        null,
        null,
        null,
        null,
        null,
        null,
        null,
        null
      ],
      "/Users/marianaandrade/turing/mod2/projects/adopt_dont_shop_2003/spec/features/shelters/show_spec.rb": [
        1,
        null,
        1,
        1,
        1,
        1,
        1,
        1,
        null,
        1,
        null,
        1,
        null,
        1,
        null,
        1,
        1,
        1,
        1,
        1,
        1,
        1,
        1,
        1,
        null,
        null,
        null,
        null,
        null,
        null,
        null,
        null,
        null,
        null,
        null,
        null,
        null,
        null,
        null,
        null,
        null
      ],
      "/Users/marianaandrade/turing/mod2/projects/adopt_dont_shop_2003/spec/models/shelter_spec.rb": [
        1,
        null,
        1,
        1,
        2,
        2,
        2,
        2,
        2,
        null,
        null,
        1,
        2,
        null,
        null
      ],
      "/Users/marianaandrade/turing/mod2/projects/adopt_dont_shop_2003/app/models/shelter.rb": [
        1,
        1,
        null,
        1,
        null
      ],
      "/Users/marianaandrade/turing/mod2/projects/adopt_dont_shop_2003/app/models/application_record.rb": [
        1,
        1,
        null
      ],
      "/Users/marianaandrade/turing/mod2/projects/adopt_dont_shop_2003/app/models/pet.rb": [
        1,
        1,
        null,
        null
      ],
      "/Users/marianaandrade/turing/mod2/projects/adopt_dont_shop_2003/app/controllers/pets_controller.rb": [
        1,
        null,
        1,
        1,
        null,
        null
      ],
      "/Users/marianaandrade/turing/mod2/projects/adopt_dont_shop_2003/app/controllers/application_controller.rb": [
        1,
        1,
        null
      ],
      "/Users/marianaandrade/turing/mod2/projects/adopt_dont_shop_2003/app/controllers/shelter_pets_controller.rb": [
        1,
        1,
        3,
        null,
        null
      ],
      "/Users/marianaandrade/turing/mod2/projects/adopt_dont_shop_2003/app/controllers/shelters_controller.rb": [
        1,
        null,
        1,
        5,
        null,
        null,
        1,
        4,
        null,
        null,
        1,
        null,
        null,
        null,
        1,
        1,
        1,
        null,
        null,
        1,
        1,
        null,
        null,
        1,
        1,
        1,
        null,
        1,
        null,
        null,
        1,
        1,
        1,
        null,
        null,
        1,
        null,
        1,
        2,
        null,
        null,
        null
      ]
    },
    "timestamp": 1588794697
  }
}
